Ten Truyen: Ha Do
Tac Gia: Nguyen Nhat Anh
Gia: 120000.00
So luong: 3
---------------------------
Ten Truyen: Conan Tap 1
Tac Gia: Aoyama Gosho
Gia: 16000.00
So luong: 4
---------------------------
Ten Truyen: Dragon Ball Tap 1
Tac Gia: Toriyama Akira
Gia: 16000.00
So luong: 2
---------------------------
Ten Truyen: Mua He Khong Ten
Tac Gia: Nguyen Nhat Anh
Gia: 187000.00
So luong: 1
---------------------------
Ten Truyen: Co gai Den Tu Hom Qua
Tac Gia: Nguyen Nhat Anh
Gia: 120000.00
So luong: 1
---------------------------
